[2026-03-13 16:14:30] === LOOP STARTING ===
[2026-03-13 16:14:30] Working directory: /home/user/go/src/github.com/opd-ai/wain
[2026-03-13 16:14:30] Prompt directory:  /home/user/go/src/github.com/opd-ai/go-stats-generator
[2026-03-13 16:14:30] Max iterations:    50
[2026-03-13 16:14:30] --- Initialization ---
[2026-03-13 16:14:30] AUDIT.md not found — delegating BASE_AUDIT.md...
[2026-03-13 16:14:30] Delegating: BASE_AUDIT.md
[2026-03-13 16:20:36] Delegation complete: BASE_AUDIT.md (exit code: 141)
[2026-03-13 16:20:36] AUDIT.md created successfully.
[2026-03-13 16:20:36] PLAN.md not found — delegating MAKE_PLAN.md...
[2026-03-13 16:20:36] Delegating: MAKE_PLAN.md
[2026-03-13 16:27:43] Delegation complete: MAKE_PLAN.md (exit code: 141)
[2026-03-13 16:27:43] PLAN.md created successfully.
[2026-03-13 16:27:43] --- Entering main loop (max 50 iterations) ---
[2026-03-13 16:27:43] 
[2026-03-13 16:27:43] === Iteration 1 / 50 ===
[2026-03-13 16:27:43] Step A: Executing next task...
[2026-03-13 16:27:43] Delegating: EXECUTE.md
[2026-03-13 16:32:18] Delegation complete: EXECUTE.md (exit code: 141)
[2026-03-13 16:32:18] WARNING: EXECUTE.md delegation returned non-zero.
[2026-03-13 16:32:18] Step B: Running tests...
[2026-03-13 16:32:18] Running tests...
[2026-03-13 16:32:26] Tests FAILED (exit code: 1)
[2026-03-13 16:32:26] Tests failed — delegating FAIL.md to diagnose and fix...
[2026-03-13 16:32:26] Delegating: FAIL.md
[2026-03-13 16:35:15] Delegation complete: FAIL.md (exit code: 141)
[2026-03-13 16:35:15] Running tests...
[2026-03-13 16:35:21] Tests PASSED
[2026-03-13 16:35:21] [iteration 1] executed EXECUTE.md + FAIL.md — tests: PASS (fixed)
[2026-03-13 16:35:21] 
[2026-03-13 16:35:21] === Iteration 2 / 50 ===
[2026-03-13 16:35:21] Step A: Executing next task...
[2026-03-13 16:35:21] Delegating: EXECUTE.md
[2026-03-13 16:39:39] Delegation complete: EXECUTE.md (exit code: 141)
[2026-03-13 16:39:39] WARNING: EXECUTE.md delegation returned non-zero.
[2026-03-13 16:39:39] Step B: Running tests...
[2026-03-13 16:39:39] Running tests...
[2026-03-13 16:39:47] Tests PASSED
[2026-03-13 16:39:47] [iteration 2] executed EXECUTE.md — tests: PASS
[2026-03-13 16:39:47] 
[2026-03-13 16:39:47] === Iteration 3 / 50 ===
[2026-03-13 16:39:47] Step A: Executing next task...
[2026-03-13 16:39:47] Delegating: EXECUTE.md
[2026-03-13 16:46:41] Delegation complete: EXECUTE.md (exit code: 141)
[2026-03-13 16:46:41] WARNING: EXECUTE.md delegation returned non-zero.
[2026-03-13 16:46:41] Step B: Running tests...
[2026-03-13 16:46:41] Running tests...
[2026-03-13 16:46:47] Tests PASSED
[2026-03-13 16:46:47] [iteration 3] executed EXECUTE.md — tests: PASS
[2026-03-13 16:46:47] Step C: Periodic maintenance check (iteration 3)...
[2026-03-13 16:46:48] Complexity violations found: 2475 functions exceed thresholds
[2026-03-13 16:46:48]   Complexity violations detected — delegating BREAKDOWN.md...
[2026-03-13 16:46:48] Delegating: BREAKDOWN.md
[2026-03-13 16:57:29] Delegation complete: BREAKDOWN.md (exit code: 141)
[2026-03-13 16:57:29] Running tests...
[2026-03-13 16:57:35] Tests PASSED
[2026-03-13 16:57:35] [iteration 3] executed BREAKDOWN.md — tests: PASS
[2026-03-13 16:57:35] Clone pairs (59) exceed threshold of 10
[2026-03-13 16:57:35]   Duplication threshold exceeded — delegating DEDUPLICATE.md...
[2026-03-13 16:57:35] Delegating: DEDUPLICATE.md
